    1  ls /user
    2  ls
    3  pwd
    4  vi a
    5  cd root
    6  ls
    7  cd server_lesson
    8  ls
    9  vi readme.md
   10  vi readme.md
   11  vi ~/.vimrc
   12  vi readme.md
   13  git version
   14  ls
   15  vi readme.md
   16  vi README.md
   17  cat README.md
   18  rm readme.md
   19  ls
   20  cd linux_practice1
   21  ls
   22  vi README.md
   23  ls
   24  cd ../
   25  ls
   26  cd linux_practice1
   27  ls
   28  cd public
   29  ls
   30  cd ../../
   31  mkdir -p linux_practice2/documents
   32  ls
   33  cd linux_ptactice2
   34  cd linux_practice2
   35  ls
   36  mkdir trash
   37  ls
   38  cd documents
   39  cd ../
   40  cd ../
   41  ls
   42  ls
   43  cd linux_pracicr2
   44  cd linux_pracitice2
   45  cd linux_practice2
   46  ls
   47  cd documents
   48  ls
   49  touch gizumo{01..50}.md
   50  ls
   51  cd ../
   52  mv documents/gizumo{20..40} trash/gizumo{20..40}
   53  mv documents/gizumo{20..40}.md trash/gizumo{20..40}.md
   54  mv -p documents/gizumo{20..40}.md trash/gizumo{20..40}.md
   55  ls
   56  cd trach
   57  cd trash
   58  ls
   59  ../
   60  cd ../
   61  ls documents
   62  cd documents
   63  mv gizumo{20..40}.md trash/gizumo{20..40}.md
   64  cd .._
   65  cd ../
   66  ls
   67  mv gizumo{20..40}.md trash/gizumo{20..40}.md
   68  mv documents/gizumo{20..40}.md trash
   69  cd trash
   70  ls
   71  cd ../../
   72  mkdir linux_practice2/.gitignore
   73  cd linux_practice2
   74  ls
   75  cd ../
   76  ls
   77  cd linux_practice2
   78  ls
   79  touch .gitignore
   80  ls
   81  vim .gitignore
   82  ls -a
   83  cd ../
   84  ls -a
   85  cd linux_practice2
   86  cd .gitignore
   87  cd ../
   88  vi .ignore
   89  vi .gitignore
   90  ls -a
   91  rm .gitignore
   92  rm -r .gitignore
   93  touch .gitignore
   94  ls -a
   95  vi .gitignore
   96  cd ../
   97  ls -a
   98  git status
   99  history 300
  100  vi .gitignore
  101  cd linux_practice2
  102  vi .gitignore
  103  docker stop centos7
  104  docker start centos7
  105  ls
  106  ls /
  107  ls /usr
  108  pwd
  109  cd ~
  110  cd .
  111  cd /root
  112  pwd
  113  cd /usr
  114  cd /root
  115  cd usr
  116  cd /usr
  117  pwd
  118  cd /home
  119  mkdir test1
  120  ls
  121  cd /home
  122  mkdir test2/test3
  123  mkdir -p test2/test3
  124  ls
  125  cd test2
  126  ls
  127  cd /home
  128  touch test1/index.php
  129  ls test1
  130  cd /home/test1 && ls
  131  cd /home/test1
  132  cp index.php copy.php
  133  ls
  134  cd /hpme/test1
  135  cd /home/test1
  136  cd -r test1 test4
  137  ls
  138  cd /home
  139  cp -r test1 test4
  140  ls
  141  ls test4
  142  mv test2/test3 test3
  143  ls
  144  mv test4 test1_copy
  145  ls
  146  ls test1
  147  rm test1/copy.php
  148  ls test1
  149  rm -r test3
  150  ls
  151  rm test1_copy/*.php
  152  ls
  153  ls test1_copy
  154  ls
  155  ls test1_copy
  156  ls 
  157  ls test1
  158  cat rREADME.md
  159  cd /home
  160  echo '# Hello World' > README.md
  161  cat README.md
  162  echo 'Linux Practice' >> README.md
  163  echo '-----------------' >> README.md
  164  cat README.md
  165  vi README.md
  166  cd /root
  167  mkdir server_lesson && cd server_lesson
  168  yum update -y && yum -y install git
  169  git version
  170  git version
  171  touch first.txt
  172  ls
  173  git init
  174  cd /root
  175  git init
  176  ls
  177  ls -a
  178  cd ser ver_lesson
  179  cd server_lesson
  180  git version
  181  git init
  182  touch first.txt
  183  ls
  184  mkdir -p linux_practice1/public
  185  ls
  186  cd linux_practice1
  187  ls
  188  cd /home
  189  cd /root
  190  ls
  191  cd server_lesson
  192  touch public/index.php
  193  touch /public/index.php
  194  touch -p public/index.php
  195  cd /server_lesson1
  196  cd /linux_practice1
  197  cd linux_practice1
  198  touch index.php
  199  ls
  200  cd server_lesson
  201  cd /root
  202  ls
  203  cd server_lesson
  204  rm linux_practice1/index.php
  205  ls
  206  cd linux_practice1
  207  ls
  208  touch public/index.php
  209  ls
  210  cd public && ls
  211  cp index.php index_bk.php
  212  ls
  213  cd /linux_practice1
  214  cd linux_practice1
  215  cd ..
  216  cp -r public tmp
  217  ls
  218  rm tmp/index_bk.php
  219  ls
  220  cd tmÂp && ls
  221  cd tmp
  222  ls
  223  cd ../../
  224  touch README.md
  225  ls
  226  vi readme.md
  227  vi readme.md
  228  ls
  229  cd /root
  230  ls
  231  cd server_lesson
  232  ls
  233  vi README.md
  234  cat README.MD
  235  cat README.md
  236  vi README.md
  237  vi README.md
  238  history 300
  239  cd linux_practice2
  240  ls
  241  history 300 > exec_command.log
